        -:    0:Source:dominion.c
        -:    0:Graph:dominion.gcno
        -:    0:Data:dominion.gcda
        -:    0:Runs:1
        -:    0:Programs:1
        -:    1:#include "dominion.h"
        -:    2:#include "dominion_helpers.h"
        -:    3:#include "rngs.h"
        -:    4:#include <stdio.h>
        -:    5:#include <math.h>
        -:    6:#include <stdlib.h>
        -:    7:
function compare called 42 returned 100% blocks executed 85%
       42:    8:int compare(const void* a, const void* b) {
       42:    9:    if (*(int*)a > *(int*)b)
branch  0 taken 0%
branch  1 taken 100%
    #####:   10:        return 1;
       42:   11:    if (*(int*)a < *(int*)b)
branch  0 taken 36%
branch  1 taken 64%
       15:   12:        return -1;
       27:   13:    return 0;
       42:   14:}
        -:   15:
function newGame called 0 returned 0% blocks executed 0%
    #####:   16:struct gameState* newGame() {
    #####:   17:    struct gameState* g = malloc(sizeof(struct gameState));
    #####:   18:    return g;
        -:   19:}
        -:   20:
function kingdomCards called 0 returned 0% blocks executed 0%
    #####:   21:int* kingdomCards(int k1, int k2, int k3, int k4, int k5, int k6, int k7,
        -:   22:                  int k8, int k9, int k10) {
    #####:   23:    int* k = malloc(10 * sizeof(int));
    #####:   24:    k[0] = k1;
    #####:   25:    k[1] = k2;
    #####:   26:    k[2] = k3;
    #####:   27:    k[3] = k4;
    #####:   28:    k[4] = k5;
    #####:   29:    k[5] = k6;
    #####:   30:    k[6] = k7;
    #####:   31:    k[7] = k8;
    #####:   32:    k[8] = k9;
    #####:   33:    k[9] = k10;
    #####:   34:    return k;
        -:   35:}
        -:   36:
function initializeGame called 1 returned 100% blocks executed 90%
        1:   37:int initializeGame(int numPlayers, int kingdomCards[10], int randomSeed,
        -:   38:                   struct gameState *state) {
        -:   39:    int i;
        -:   40:    int j;
        -:   41:    int it;
        -:   42:
        -:   43:    //set up random number generator
        1:   44:    SelectStream(1);
        1:   45:    PutSeed((long)randomSeed);
        -:   46:
        -:   47:    //check number of players
        1:   48:    if (numPlayers > MAX_PLAYERS || numPlayers < 2)
branch  0 taken 100%
branch  1 taken 0%
branch  2 taken 0%
branch  3 taken 100%
        -:   49:    {
    #####:   50:        return -1;
        -:   51:    }
        -:   52:
        -:   53:    //set number of players
        1:   54:    state->numPlayers = numPlayers;
        -:   55:
        -:   56:    //check selected kingdom cards are different
       11:   57:    for (i = 0; i < 10; i++)
branch  0 taken 91%
branch  1 taken 9%
        -:   58:    {
      110:   59:        for (j = 0; j < 10; j++)
branch  0 taken 91%
branch  1 taken 9%
        -:   60:        {
      100:   61:            if (j != i && kingdomCards[j] == kingdomCards[i])
branch  0 taken 90%
branch  1 taken 10%
branch  2 taken 0%
branch  3 taken 100%
        -:   62:            {
    #####:   63:                return -1;
        -:   64:            }
      100:   65:        }
       10:   66:    }
        -:   67:
        -:   68:
        -:   69:    //initialize supply
        -:   70:    ///////////////////////////////
        -:   71:
        -:   72:    //set number of Curse cards
        1:   73:    if (numPlayers == 2)
branch  0 taken 0%
branch  1 taken 100%
        -:   74:    {
    #####:   75:        state->supplyCount[curse] = 10;
    #####:   76:    }
        1:   77:    else if (numPlayers == 3)
branch  0 taken 100%
branch  1 taken 0%
        -:   78:    {
        1:   79:        state->supplyCount[curse] = 20;
        1:   80:    }
        -:   81:    else
        -:   82:    {
    #####:   83:        state->supplyCount[curse] = 30;
        -:   84:    }
        -:   85:
        -:   86:    //set number of Victory cards
        1:   87:    if (numPlayers == 2)
branch  0 taken 0%
branch  1 taken 100%
        -:   88:    {
    #####:   89:        state->supplyCount[estate] = 8;
    #####:   90:        state->supplyCount[duchy] = 8;
    #####:   91:        state->supplyCount[province] = 8;
    #####:   92:    }
        -:   93:    else
        -:   94:    {
        1:   95:        state->supplyCount[estate] = 12;
        1:   96:        state->supplyCount[duchy] = 12;
        1:   97:        state->supplyCount[province] = 12;
        -:   98:    }
        -:   99:
        -:  100:    //set number of Treasure cards
        1:  101:    state->supplyCount[copper] = 60 - (7 * numPlayers);
        1:  102:    state->supplyCount[silver] = 40;
        1:  103:    state->supplyCount[gold] = 30;
        -:  104:
        -:  105:    //set number of Kingdom cards
       21:  106:    for (i = adventurer; i <= treasure_map; i++)       	//loop all cards
branch  0 taken 95%
branch  1 taken 5%
        -:  107:    {
      165:  108:        for (j = 0; j < 10; j++)           		//loop chosen cards
branch  0 taken 94%
branch  1 taken 6%
        -:  109:        {
      155:  110:            if (kingdomCards[j] == i)
branch  0 taken 6%
branch  1 taken 94%
        -:  111:            {
        -:  112:                //check if card is a 'Victory' Kingdom card
       10:  113:                if (kingdomCards[j] == great_hall || kingdomCards[j] == gardens)
branch  0 taken 100%
branch  1 taken 0%
branch  2 taken 10%
branch  3 taken 90%
        -:  114:                {
        1:  115:                    if (numPlayers == 2) {
branch  0 taken 0%
branch  1 taken 100%
    #####:  116:                        state->supplyCount[i] = 8;
    #####:  117:                    }
        -:  118:                    else {
        1:  119:                        state->supplyCount[i] = 12;
        -:  120:                    }
        1:  121:                }
        -:  122:                else
        -:  123:                {
        9:  124:                    state->supplyCount[i] = 10;
        -:  125:                }
       10:  126:                break;
        -:  127:            }
        -:  128:            else    //card is not in the set choosen for the game
        -:  129:            {
      145:  130:                state->supplyCount[i] = -1;
        -:  131:            }
      145:  132:        }
        -:  133:
       20:  134:    }
        -:  135:
        -:  136:    ////////////////////////
        -:  137:    //supply intilization complete
        -:  138:
        -:  139:    //set player decks
        4:  140:    for (i = 0; i < numPlayers; i++)
branch  0 taken 75%
branch  1 taken 25%
        -:  141:    {
        3:  142:        state->deckCount[i] = 0;
       12:  143:        for (j = 0; j < 3; j++)
branch  0 taken 75%
branch  1 taken 25%
        -:  144:        {
        9:  145:            state->deck[i][j] = estate;
        9:  146:            state->deckCount[i]++;
        9:  147:        }
       24:  148:        for (j = 3; j < 10; j++)
branch  0 taken 88%
branch  1 taken 13%
        -:  149:        {
       21:  150:            state->deck[i][j] = copper;
       21:  151:            state->deckCount[i]++;
       21:  152:        }
        3:  153:    }
        -:  154:
        -:  155:    //shuffle player decks
        4:  156:    for (i = 0; i < numPlayers; i++)
branch  0 taken 75%
branch  1 taken 25%
        -:  157:    {
        3:  158:        if ( shuffle(i, state) < 0 )
branch  0 taken 0%
branch  1 taken 100%
        -:  159:        {
    #####:  160:            return -1;
        -:  161:        }
        3:  162:    }
        -:  163:
        -:  164:    //draw player hands
        4:  165:    for (i = 0; i < numPlayers; i++)
branch  0 taken 75%
branch  1 taken 25%
        -:  166:    {
        -:  167:        //initialize hand size to zero
        3:  168:        state->handCount[i] = 0;
        3:  169:        state->discardCount[i] = 0;
        -:  170:        //draw 5 cards
        -:  171:        // for (j = 0; j < 5; j++)
        -:  172:        //	{
        -:  173:        //	  drawCard(i, state);
        -:  174:        //	}
        3:  175:    }
        -:  176:
        -:  177:    //set embargo tokens to 0 for all supply piles
       28:  178:    for (i = 0; i <= treasure_map; i++)
branch  0 taken 96%
branch  1 taken 4%
        -:  179:    {
       27:  180:        state->embargoTokens[i] = 0;
       27:  181:    }
        -:  182:
        -:  183:    //initialize first player's turn
        1:  184:    state->outpostPlayed = 0;
        1:  185:    state->phase = 0;
        1:  186:    state->numActions = 1;
        1:  187:    state->numBuys = 1;
        1:  188:    state->playedCardCount = 0;
        1:  189:    state->whoseTurn = 0;
        1:  190:    state->handCount[state->whoseTurn] = 0;
        -:  191:    //int it; move to top
        -:  192:
        -:  193:    //Moved draw cards to here, only drawing at the start of a turn
        6:  194:    for (it = 0; it < 5; it++) {
branch  0 taken 83%
branch  1 taken 17%
        5:  195:        drawCard(state->whoseTurn, state);
        5:  196:    }
        -:  197:
        1:  198:    updateCoins(state->whoseTurn, state, 0);
        -:  199:
        1:  200:    return 0;
        1:  201:}
        -:  202:
function shuffle called 3 returned 100% blocks executed 93%
        3:  203:int shuffle(int player, struct gameState *state) {
        -:  204:
        -:  205:
        -:  206:    int newDeck[MAX_DECK];
        3:  207:    int newDeckPos = 0;
        -:  208:    int card;
        -:  209:    int i;
        -:  210:
        3:  211:    if (state->deckCount[player] < 1)
branch  0 taken 0%
branch  1 taken 100%
    #####:  212:        return -1;
        3:  213:    qsort ((void*)(state->deck[player]), state->deckCount[player], sizeof(int), compare);
        -:  214:    /* SORT CARDS IN DECK TO ENSURE DETERMINISM! */
        -:  215:
       33:  216:    while (state->deckCount[player] > 0) {
branch  0 taken 91%
branch  1 taken 9%
       30:  217:        card = floor(Random() * state->deckCount[player]);
       30:  218:        newDeck[newDeckPos] = state->deck[player][card];
       30:  219:        newDeckPos++;
       97:  220:        for (i = card; i < state->deckCount[player]-1; i++) {
branch  0 taken 69%
branch  1 taken 31%
       67:  221:            state->deck[player][i] = state->deck[player][i+1];
       67:  222:        }
       30:  223:        state->deckCount[player]--;
        -:  224:    }
       33:  225:    for (i = 0; i < newDeckPos; i++) {
branch  0 taken 91%
branch  1 taken 9%
       30:  226:        state->deck[player][i] = newDeck[i];
       30:  227:        state->deckCount[player]++;
       30:  228:    }
        -:  229:
        3:  230:    return 0;
        3:  231:}
        -:  232:
function playCard called 0 returned 0% blocks executed 0%
    #####:  233:int playCard(int handPos, int choice1, int choice2, int choice3, struct gameState *state)
        -:  234:{
        -:  235:    int card;
    #####:  236:    int coin_bonus = 0; 		//tracks coins gain from actions
        -:  237:
        -:  238:    //check if it is the right phase
    #####:  239:    if (state->phase != 0)
branch  0 never executed
branch  1 never executed
        -:  240:    {
    #####:  241:        return -1;
        -:  242:    }
        -:  243:
        -:  244:    //check if player has enough actions
    #####:  245:    if ( state->numActions < 1 )
branch  0 never executed
branch  1 never executed
        -:  246:    {
    #####:  247:        return -1;
        -:  248:    }
        -:  249:
        -:  250:    //get card played
    #####:  251:    card = handCard(handPos, state);
        -:  252:
        -:  253:    //check if selected card is an action
    #####:  254:    if ( card < adventurer || card > treasure_map )
branch  0 never executed
branch  1 never executed
branch  2 never executed
branch  3 never executed
        -:  255:    {
    #####:  256:        return -1;
        -:  257:    }
        -:  258:
        -:  259:    //play card
    #####:  260:    if ( cardEffect(card, choice1, choice2, choice3, state, handPos, &coin_bonus) < 0 )
branch  0 never executed
branch  1 never executed
        -:  261:    {
    #####:  262:        return -1;
        -:  263:    }
        -:  264:
        -:  265:    //reduce number of actions
    #####:  266:    state->numActions--;
        -:  267:
        -:  268:    //update coins (Treasure cards may be added with card draws)
    #####:  269:    updateCoins(state->whoseTurn, state, coin_bonus);
        -:  270:
    #####:  271:    return 0;
    #####:  272:}
        -:  273:
function buyCard called 0 returned 0% blocks executed 0%
    #####:  274:int buyCard(int supplyPos, struct gameState *state) {
        -:  275:    int who;
        -:  276:    if (DEBUG) {
        -:  277:        printf("Entering buyCard...\n");
        -:  278:    }
        -:  279:
        -:  280:    // I don't know what to do about the phase thing.
        -:  281:
    #####:  282:    who = state->whoseTurn;
        -:  283:
    #####:  284:    if (state->numBuys < 1) {
branch  0 never executed
branch  1 never executed
        -:  285:        if (DEBUG)
        -:  286:            printf("You do not have any buys left\n");
    #####:  287:        return -1;
    #####:  288:    } else if (supplyCount(supplyPos, state) <1) {
branch  0 never executed
branch  1 never executed
        -:  289:        if (DEBUG)
        -:  290:            printf("There are not any of that type of card left\n");
    #####:  291:        return -1;
    #####:  292:    } else if (state->coins < getCost(supplyPos)) {
branch  0 never executed
branch  1 never executed
        -:  293:        if (DEBUG)
        -:  294:            printf("You do not have enough money to buy that. You have %d coins.\n", state->coins);
    #####:  295:        return -1;
        -:  296:    } else {
    #####:  297:        state->phase=1;
        -:  298:        //state->supplyCount[supplyPos]--;
    #####:  299:        gainCard(supplyPos, state, 0, who); //card goes in discard, this might be wrong.. (2 means goes into hand, 0 goes into discard)
        -:  300:
    #####:  301:        state->coins = (state->coins) - (getCost(supplyPos));
    #####:  302:        state->numBuys--;
        -:  303:        if (DEBUG)
        -:  304:            printf("You bought card number %d for %d coins. You now have %d buys and %d coins.\n", supplyPos, getCost(supplyPos), state->numBuys, state->coins);
        -:  305:    }
        -:  306:
        -:  307:    //state->discard[who][state->discardCount[who]] = supplyPos;
        -:  308:    //state->discardCount[who]++;
        -:  309:
    #####:  310:    return 0;
    #####:  311:}
        -:  312:
function numHandCards called 0 returned 0% blocks executed 0%
    #####:  313:int numHandCards(struct gameState *state) {
    #####:  314:    return state->handCount[ whoseTurn(state) ];
        -:  315:}
        -:  316:
function handCard called 0 returned 0% blocks executed 0%
    #####:  317:int handCard(int handPos, struct gameState *state) {
    #####:  318:    int currentPlayer = whoseTurn(state);
    #####:  319:    return state->hand[currentPlayer][handPos];
        -:  320:}
        -:  321:
function supplyCount called 1 returned 100% blocks executed 100%
        1:  322:int supplyCount(int card, struct gameState *state) {
        1:  323:    return state->supplyCount[card];
        -:  324:}
        -:  325:
function fullDeckCount called 0 returned 0% blocks executed 0%
    #####:  326:int fullDeckCount(int player, int card, struct gameState *state) {
        -:  327:    int i;
    #####:  328:    int count = 0;
        -:  329:
    #####:  330:    for (i = 0; i < state->deckCount[player]; i++)
branch  0 never executed
branch  1 never executed
        -:  331:    {
    #####:  332:        if (state->deck[player][i] == card) count++;
branch  0 never executed
branch  1 never executed
    #####:  333:    }
        -:  334:
    #####:  335:    for (i = 0; i < state->handCount[player]; i++)
branch  0 never executed
branch  1 never executed
        -:  336:    {
    #####:  337:        if (state->hand[player][i] == card) count++;
branch  0 never executed
branch  1 never executed
    #####:  338:    }
        -:  339:
    #####:  340:    for (i = 0; i < state->discardCount[player]; i++)
branch  0 never executed
branch  1 never executed
        -:  341:    {
    #####:  342:        if (state->discard[player][i] == card) count++;
branch  0 never executed
branch  1 never executed
    #####:  343:    }
        -:  344:
    #####:  345:    return count;
        -:  346:}
        -:  347:
function whoseTurn called 4 returned 100% blocks executed 100%
        4:  348:int whoseTurn(struct gameState *state) {
        4:  349:    return state->whoseTurn;
        -:  350:}
        -:  351:
function endTurn called 0 returned 0% blocks executed 0%
    #####:  352:int endTurn(struct gameState *state) {
        -:  353:    int k;
        -:  354:    int i;
    #####:  355:    int currentPlayer = whoseTurn(state);
        -:  356:
        -:  357:    //Discard hand
    #####:  358:    for (i = 0; i < state->handCount[currentPlayer]; i++) {
branch  0 never executed
branch  1 never executed
    #####:  359:        state->discard[currentPlayer][state->discardCount[currentPlayer]++] = state->hand[currentPlayer][i];//Discard
    #####:  360:        state->hand[currentPlayer][i] = -1;//Set card to -1
    #####:  361:    }
    #####:  362:    state->handCount[currentPlayer] = 0;//Reset hand count
        -:  363:
        -:  364:    //Code for determining the player
    #####:  365:    if (currentPlayer < (state->numPlayers - 1)) {
branch  0 never executed
branch  1 never executed
    #####:  366:        state->whoseTurn = currentPlayer + 1;//Still safe to increment
    #####:  367:    }
        -:  368:    else {
    #####:  369:        state->whoseTurn = 0;//Max player has been reached, loop back around to player 1
        -:  370:    }
        -:  371:
    #####:  372:    state->outpostPlayed = 0;
    #####:  373:    state->phase = 0;
    #####:  374:    state->numActions = 1;
    #####:  375:    state->coins = 0;
    #####:  376:    state->numBuys = 1;
    #####:  377:    state->playedCardCount = 0;
    #####:  378:    state->handCount[state->whoseTurn] = 0;
        -:  379:
        -:  380:    //int k; move to top
        -:  381:    //Next player draws hand
    #####:  382:    for (k = 0; k < 5; k++) {
branch  0 never executed
branch  1 never executed
    #####:  383:        drawCard(state->whoseTurn, state);//Draw a card
    #####:  384:    }
        -:  385:
        -:  386:    //Update money
    #####:  387:    updateCoins(state->whoseTurn, state, 0);
        -:  388:
    #####:  389:    return 0;
        -:  390:}
        -:  391:
function isGameOver called 0 returned 0% blocks executed 0%
    #####:  392:int isGameOver(struct gameState *state) {
        -:  393:    int i;
        -:  394:    int j;
        -:  395:
        -:  396:    //if stack of Province cards is empty, the game ends
    #####:  397:    if (state->supplyCount[province] == 0)
branch  0 never executed
branch  1 never executed
        -:  398:    {
    #####:  399:        return 1;
        -:  400:    }
        -:  401:
        -:  402:    //if three supply pile are at 0, the game ends
    #####:  403:    j = 0;
    #####:  404:    for (i = 0; i < 25; i++)
branch  0 never executed
branch  1 never executed
        -:  405:    {
    #####:  406:        if (state->supplyCount[i] == 0)
branch  0 never executed
branch  1 never executed
        -:  407:        {
    #####:  408:            j++;
    #####:  409:        }
    #####:  410:    }
    #####:  411:    if ( j >= 3)
branch  0 never executed
branch  1 never executed
        -:  412:    {
    #####:  413:        return 1;
        -:  414:    }
        -:  415:
    #####:  416:    return 0;
    #####:  417:}
        -:  418:
function scoreFor called 0 returned 0% blocks executed 0%
    #####:  419:int scoreFor (int player, struct gameState *state) {
        -:  420:
        -:  421:    int i;
    #####:  422:    int score = 0;
        -:  423:    //score from hand
    #####:  424:    for (i = 0; i < state->handCount[player]; i++)
branch  0 never executed
branch  1 never executed
        -:  425:    {
    #####:  426:        if (state->hand[player][i] == curse) {
branch  0 never executed
branch  1 never executed
    #####:  427:            score = score - 1;
    #####:  428:        };
    #####:  429:        if (state->hand[player][i] == estate) {
branch  0 never executed
branch  1 never executed
    #####:  430:            score = score + 1;
    #####:  431:        };
    #####:  432:        if (state->hand[player][i] == duchy) {
branch  0 never executed
branch  1 never executed
    #####:  433:            score = score + 3;
    #####:  434:        };
    #####:  435:        if (state->hand[player][i] == province) {
branch  0 never executed
branch  1 never executed
    #####:  436:            score = score + 6;
    #####:  437:        };
    #####:  438:        if (state->hand[player][i] == great_hall) {
branch  0 never executed
branch  1 never executed
    #####:  439:            score = score + 1;
    #####:  440:        };
    #####:  441:        if (state->hand[player][i] == gardens) {
branch  0 never executed
branch  1 never executed
    #####:  442:            score = score + ( fullDeckCount(player, 0, state) / 10 );
    #####:  443:        };
    #####:  444:    }
        -:  445:
        -:  446:    //score from discard
    #####:  447:    for (i = 0; i < state->discardCount[player]; i++)
branch  0 never executed
branch  1 never executed
        -:  448:    {
    #####:  449:        if (state->discard[player][i] == curse) {
branch  0 never executed
branch  1 never executed
    #####:  450:            score = score - 1;
    #####:  451:        };
    #####:  452:        if (state->discard[player][i] == estate) {
branch  0 never executed
branch  1 never executed
    #####:  453:            score = score + 1;
    #####:  454:        };
    #####:  455:        if (state->discard[player][i] == duchy) {
branch  0 never executed
branch  1 never executed
    #####:  456:            score = score + 3;
    #####:  457:        };
    #####:  458:        if (state->discard[player][i] == province) {
branch  0 never executed
branch  1 never executed
    #####:  459:            score = score + 6;
    #####:  460:        };
    #####:  461:        if (state->discard[player][i] == great_hall) {
branch  0 never executed
branch  1 never executed
    #####:  462:            score = score + 1;
    #####:  463:        };
    #####:  464:        if (state->discard[player][i] == gardens) {
branch  0 never executed
branch  1 never executed
    #####:  465:            score = score + ( fullDeckCount(player, 0, state) / 10 );
    #####:  466:        };
    #####:  467:    }
        -:  468:
        -:  469:    //score from deck
    #####:  470:    for (i = 0; i < state->discardCount[player]; i++)
branch  0 never executed
branch  1 never executed
        -:  471:    {
    #####:  472:        if (state->deck[player][i] == curse) {
branch  0 never executed
branch  1 never executed
    #####:  473:            score = score - 1;
    #####:  474:        };
    #####:  475:        if (state->deck[player][i] == estate) {
branch  0 never executed
branch  1 never executed
    #####:  476:            score = score + 1;
    #####:  477:        };
    #####:  478:        if (state->deck[player][i] == duchy) {
branch  0 never executed
branch  1 never executed
    #####:  479:            score = score + 3;
    #####:  480:        };
    #####:  481:        if (state->deck[player][i] == province) {
branch  0 never executed
branch  1 never executed
    #####:  482:            score = score + 6;
    #####:  483:        };
    #####:  484:        if (state->deck[player][i] == great_hall) {
branch  0 never executed
branch  1 never executed
    #####:  485:            score = score + 1;
    #####:  486:        };
    #####:  487:        if (state->deck[player][i] == gardens) {
branch  0 never executed
branch  1 never executed
    #####:  488:            score = score + ( fullDeckCount(player, 0, state) / 10 );
    #####:  489:        };
    #####:  490:    }
        -:  491:
    #####:  492:    return score;
        -:  493:}
        -:  494:
function getWinners called 0 returned 0% blocks executed 0%
    #####:  495:int getWinners(int players[MAX_PLAYERS], struct gameState *state) {
        -:  496:    int i;
        -:  497:    int j;
        -:  498:    int highScore;
        -:  499:    int currentPlayer;
        -:  500:
        -:  501:    //get score for each player
    #####:  502:    for (i = 0; i < MAX_PLAYERS; i++)
branch  0 never executed
branch  1 never executed
        -:  503:    {
        -:  504:        //set unused player scores to -9999
    #####:  505:        if (i >= state->numPlayers)
branch  0 never executed
branch  1 never executed
        -:  506:        {
    #####:  507:            players[i] = -9999;
    #####:  508:        }
        -:  509:        else
        -:  510:        {
    #####:  511:            players[i] = scoreFor (i, state);
        -:  512:        }
    #####:  513:    }
        -:  514:
        -:  515:    //find highest score
    #####:  516:    j = 0;
    #####:  517:    for (i = 0; i < MAX_PLAYERS; i++)
branch  0 never executed
branch  1 never executed
        -:  518:    {
    #####:  519:        if (players[i] > players[j])
branch  0 never executed
branch  1 never executed
        -:  520:        {
    #####:  521:            j = i;
    #####:  522:        }
    #####:  523:    }
    #####:  524:    highScore = players[j];
        -:  525:
        -:  526:    //add 1 to players who had less turns
    #####:  527:    currentPlayer = whoseTurn(state);
    #####:  528:    for (i = 0; i < MAX_PLAYERS; i++)
branch  0 never executed
branch  1 never executed
        -:  529:    {
    #####:  530:        if ( players[i] == highScore && i > currentPlayer )
branch  0 never executed
branch  1 never executed
branch  2 never executed
branch  3 never executed
        -:  531:        {
    #####:  532:            players[i]++;
    #####:  533:        }
    #####:  534:    }
        -:  535:
        -:  536:    //find new highest score
    #####:  537:    j = 0;
    #####:  538:    for (i = 0; i < MAX_PLAYERS; i++)
branch  0 never executed
branch  1 never executed
        -:  539:    {
    #####:  540:        if ( players[i] > players[j] )
branch  0 never executed
branch  1 never executed
        -:  541:        {
    #####:  542:            j = i;
    #####:  543:        }
    #####:  544:    }
    #####:  545:    highScore = players[j];
        -:  546:
        -:  547:    //set winners in array to 1 and rest to 0
    #####:  548:    for (i = 0; i < MAX_PLAYERS; i++)
branch  0 never executed
branch  1 never executed
        -:  549:    {
    #####:  550:        if ( players[i] == highScore )
branch  0 never executed
branch  1 never executed
        -:  551:        {
    #####:  552:            players[i] = 1;
    #####:  553:        }
        -:  554:        else
        -:  555:        {
    #####:  556:            players[i] = 0;
        -:  557:        }
    #####:  558:    }
        -:  559:
    #####:  560:    return 0;
        -:  561:}
        -:  562:
function drawCard called 5 returned 100% blocks executed 41%
        5:  563:int drawCard(int player, struct gameState *state)
        -:  564:{   int count;
        -:  565:    int deckCounter;
        5:  566:    if (state->deckCount[player] <= 0) { //Deck is empty
branch  0 taken 0%
branch  1 taken 100%
        -:  567:
        -:  568:        //Step 1 Shuffle the discard pile back into a deck
        -:  569:        int i;
        -:  570:        //Move discard to deck
    #####:  571:        for (i = 0; i < state->discardCount[player]; i++) {
branch  0 never executed
branch  1 never executed
    #####:  572:            state->deck[player][i] = state->discard[player][i];
    #####:  573:            state->discard[player][i] = -1;
    #####:  574:        }
        -:  575:
    #####:  576:        state->deckCount[player] = state->discardCount[player];
    #####:  577:        state->discardCount[player] = 0;//Reset discard
        -:  578:
        -:  579:        //Shufffle the deck
    #####:  580:        shuffle(player, state);//Shuffle the deck up and make it so that we can draw
        -:  581:
        -:  582:        if (DEBUG) { //Debug statements
        -:  583:            printf("Deck count now: %d\n", state->deckCount[player]);
        -:  584:        }
        -:  585:
    #####:  586:        state->discardCount[player] = 0;
        -:  587:
        -:  588:        //Step 2 Draw Card
    #####:  589:        count = state->handCount[player];//Get current player's hand count
        -:  590:
        -:  591:        if (DEBUG) { //Debug statements
        -:  592:            printf("Current hand count: %d\n", count);
        -:  593:        }
        -:  594:
    #####:  595:        deckCounter = state->deckCount[player];//Create a holder for the deck count
        -:  596:
    #####:  597:        if (deckCounter == 0)
branch  0 never executed
branch  1 never executed
    #####:  598:            return -1;
        -:  599:
    #####:  600:        state->hand[player][count] = state->deck[player][deckCounter - 1];//Add card to hand
    #####:  601:        state->deckCount[player]--;
    #####:  602:        state->handCount[player]++;//Increment hand count
    #####:  603:    }
        -:  604:
        -:  605:    else {
        5:  606:        int count = state->handCount[player];//Get current hand count for player
        -:  607:        int deckCounter;
        -:  608:        if (DEBUG) { //Debug statements
        -:  609:            printf("Current hand count: %d\n", count);
        -:  610:        }
        -:  611:
        5:  612:        deckCounter = state->deckCount[player];//Create holder for the deck count
        5:  613:        state->hand[player][count] = state->deck[player][deckCounter - 1];//Add card to the hand
        5:  614:        state->deckCount[player]--;
        5:  615:        state->handCount[player]++;//Increment hand count
        -:  616:    }
        -:  617:
        5:  618:    return 0;
        5:  619:}
        -:  620:
function getCost called 0 returned 0% blocks executed 0%
    #####:  621:int getCost(int cardNumber)
        -:  622:{
    #####:  623:    switch( cardNumber )
branch  0 never executed
branch  1 never executed
branch  2 never executed
branch  3 never executed
branch  4 never executed
branch  5 never executed
branch  6 never executed
branch  7 never executed
branch  8 never executed
branch  9 never executed
branch 10 never executed
branch 11 never executed
branch 12 never executed
branch 13 never executed
branch 14 never executed
branch 15 never executed
branch 16 never executed
branch 17 never executed
branch 18 never executed
branch 19 never executed
branch 20 never executed
branch 21 never executed
branch 22 never executed
branch 23 never executed
branch 24 never executed
branch 25 never executed
branch 26 never executed
branch 27 never executed
        -:  624:    {
        -:  625:    case curse:
    #####:  626:        return 0;
        -:  627:    case estate:
    #####:  628:        return 2;
        -:  629:    case duchy:
    #####:  630:        return 5;
        -:  631:    case province:
    #####:  632:        return 8;
        -:  633:    case copper:
    #####:  634:        return 0;
        -:  635:    case silver:
    #####:  636:        return 3;
        -:  637:    case gold:
    #####:  638:        return 6;
        -:  639:    case adventurer:
    #####:  640:        return 6;
        -:  641:    case council_room:
    #####:  642:        return 5;
        -:  643:    case feast:
    #####:  644:        return 4;
        -:  645:    case gardens:
    #####:  646:        return 4;
        -:  647:    case mine:
    #####:  648:        return 5;
        -:  649:    case remodel:
    #####:  650:        return 4;
        -:  651:    case smithy:
    #####:  652:        return 4;
        -:  653:    case village:
    #####:  654:        return 3;
        -:  655:    case baron:
    #####:  656:        return 4;
        -:  657:    case great_hall:
    #####:  658:        return 3;
        -:  659:    case minion:
    #####:  660:        return 5;
        -:  661:    case steward:
    #####:  662:        return 3;
        -:  663:    case tribute:
    #####:  664:        return 5;
        -:  665:    case ambassador:
    #####:  666:        return 3;
        -:  667:    case cutpurse:
    #####:  668:        return 4;
        -:  669:    case embargo:
    #####:  670:        return 2;
        -:  671:    case outpost:
    #####:  672:        return 5;
        -:  673:    case salvager:
    #####:  674:        return 4;
        -:  675:    case sea_hag:
    #####:  676:        return 4;
        -:  677:    case treasure_map:
    #####:  678:        return 4;
        -:  679:    }
        -:  680:
    #####:  681:    return -1;
    #####:  682:}
        -:  683:
function cardEffect called 0 returned 0% blocks executed 0%
    #####:  684:int cardEffect(int card, int choice1, int choice2, int choice3, struct gameState *state, int handPos, int *bonus)
        -:  685:{
        -:  686:    int i, j, k, x, index;
        -:  687:
    #####:  688:    int currentPlayer = whoseTurn(state);
    #####:  689:    int nextPlayer = currentPlayer + 1;
        -:  690:    int temphand[MAX_HAND];// moved above the if statement
    #####:  691:    int drawntreasure = 0;
        -:  692:    int cardDrawn;
    #####:  693:    int z = 0;// this is the counter for the temp hand
    #####:  694:    if (nextPlayer > (state->numPlayers - 1)) {
branch  0 never executed
branch  1 never executed
    #####:  695:        nextPlayer = 0;
    #####:  696:    }
        -:  697:
        -:  698:
        -:  699:    //uses switch to select card and perform actions
    #####:  700:    switch( card )
branch  0 never executed
branch  1 never executed
branch  2 never executed
branch  3 never executed
branch  4 never executed
branch  5 never executed
branch  6 never executed
branch  7 never executed
branch  8 never executed
branch  9 never executed
branch 10 never executed
branch 11 never executed
branch 12 never executed
branch 13 never executed
branch 14 never executed
branch 15 never executed
branch 16 never executed
branch 17 never executed
branch 18 never executed
branch 19 never executed
branch 20 never executed
        -:  701:    {
        -:  702:    case adventurer:
    #####:  703:        while(drawntreasure<2) {
branch  0 never executed
branch  1 never executed
    #####:  704:            if (state->deckCount[currentPlayer] <1) { //if the deck is empty we need to shuffle discard and add to deck
branch  0 never executed
branch  1 never executed
    #####:  705:                shuffle(currentPlayer, state);
    #####:  706:            }
    #####:  707:            drawCard(currentPlayer, state);
    #####:  708:            cardDrawn = state->hand[currentPlayer][state->handCount[currentPlayer]-1];//top card of hand is most recently drawn card.
    #####:  709:            if (cardDrawn == copper || cardDrawn == silver || cardDrawn == gold)
branch  0 never executed
branch  1 never executed
branch  2 never executed
branch  3 never executed
branch  4 never executed
branch  5 never executed
    #####:  710:                drawntreasure++;
        -:  711:            else {
    #####:  712:                temphand[z]=cardDrawn;
    #####:  713:                state->handCount[currentPlayer]--; //this should just remove the top card (the most recently drawn one).
    #####:  714:                z++;
        -:  715:            }
        -:  716:        }
    #####:  717:        while(z-1>=0) {
branch  0 never executed
branch  1 never executed
    #####:  718:            state->discard[currentPlayer][state->discardCount[currentPlayer]++]=temphand[z-1]; // discard all cards in play that have been drawn
    #####:  719:            z=z-1;
        -:  720:        }
    #####:  721:        return 0;
        -:  722:
        -:  723:    case council_room:
        -:  724:        //+4 Cards
    #####:  725:        for (i = 0; i < 4; i++)
branch  0 never executed
branch  1 never executed
        -:  726:        {
    #####:  727:            drawCard(currentPlayer, state);
    #####:  728:        }
        -:  729:
        -:  730:        //+1 Buy
    #####:  731:        state->numBuys++;
        -:  732:
        -:  733:        //Each other player draws a card
    #####:  734:        for (i = 0; i < state->numPlayers; i++)
branch  0 never executed
branch  1 never executed
        -:  735:        {
    #####:  736:            if ( i != currentPlayer )
branch  0 never executed
branch  1 never executed
        -:  737:            {
    #####:  738:                drawCard(i, state);
    #####:  739:            }
    #####:  740:        }
        -:  741:
        -:  742:        //put played card in played card pile
    #####:  743:        discardCard(handPos, currentPlayer, state, 0);
        -:  744:
    #####:  745:        return 0;
        -:  746:
        -:  747:    case feast:
        -:  748:        //gain card with cost up to 5
        -:  749:        //Backup hand
    #####:  750:        for (i = 0; i <= state->handCount[currentPlayer]; i++) {
branch  0 never executed
branch  1 never executed
    #####:  751:            temphand[i] = state->hand[currentPlayer][i];//Backup card
    #####:  752:            state->hand[currentPlayer][i] = -1;//Set to nothing
    #####:  753:        }
        -:  754:        //Backup hand
        -:  755:
        -:  756:        //Update Coins for Buy
    #####:  757:        updateCoins(currentPlayer, state, 5);
    #####:  758:        x = 1;//Condition to loop on
    #####:  759:        while( x == 1) {//Buy one card
branch  0 never executed
branch  1 never executed
    #####:  760:            if (supplyCount(choice1, state) <= 0) {
branch  0 never executed
branch  1 never executed
        -:  761:                if (DEBUG)
        -:  762:                    printf("None of that card left, sorry!\n");
        -:  763:
        -:  764:                if (DEBUG) {
        -:  765:                    printf("Cards Left: %d\n", supplyCount(choice1, state));
        -:  766:                }
    #####:  767:            }
    #####:  768:            else if (state->coins < getCost(choice1)) {
branch  0 never executed
branch  1 never executed
    #####:  769:                printf("That card is too expensive!\n");
        -:  770:
        -:  771:                if (DEBUG) {
        -:  772:                    printf("Coins: %d < %d\n", state->coins, getCost(choice1));
        -:  773:                }
    #####:  774:            }
        -:  775:            else {
        -:  776:
        -:  777:                if (DEBUG) {
        -:  778:                    printf("Deck Count: %d\n", state->handCount[currentPlayer] + state->deckCount[currentPlayer] + state->discardCount[currentPlayer]);
        -:  779:                }
        -:  780:
    #####:  781:                gainCard(choice1, state, 0, currentPlayer);//Gain the card
    #####:  782:                x = 0;//No more buying cards
        -:  783:
        -:  784:                if (DEBUG) {
        -:  785:                    printf("Deck Count: %d\n", state->handCount[currentPlayer] + state->deckCount[currentPlayer] + state->discardCount[currentPlayer]);
        -:  786:                }
        -:  787:
        -:  788:            }
        -:  789:        }
        -:  790:
        -:  791:        //Reset Hand
    #####:  792:        for (i = 0; i <= state->handCount[currentPlayer]; i++) {
branch  0 never executed
branch  1 never executed
    #####:  793:            state->hand[currentPlayer][i] = temphand[i];
    #####:  794:            temphand[i] = -1;
    #####:  795:        }
        -:  796:        //Reset Hand
        -:  797:
    #####:  798:        return 0;
        -:  799:
        -:  800:    case gardens:
    #####:  801:        return -1;
        -:  802:
        -:  803:    case mine:
    #####:  804:        return playMine(choice1, choice2, state, handPos);
        -:  805:        
        -:  806:    case remodel:
    #####:  807:        j = state->hand[currentPlayer][choice1];  //store card we will trash
        -:  808:
    #####:  809:        if ( (getCost(state->hand[currentPlayer][choice1]) + 2) > getCost(choice2) )
branch  0 never executed
branch  1 never executed
        -:  810:        {
    #####:  811:            return -1;
        -:  812:        }
        -:  813:
    #####:  814:        gainCard(choice2, state, 0, currentPlayer);
        -:  815:
        -:  816:        //discard card from hand
    #####:  817:        discardCard(handPos, currentPlayer, state, 0);
        -:  818:
        -:  819:        //discard trashed card
    #####:  820:        for (i = 0; i < state->handCount[currentPlayer]; i++)
branch  0 never executed
branch  1 never executed
        -:  821:        {
    #####:  822:            if (state->hand[currentPlayer][i] == j)
branch  0 never executed
branch  1 never executed
        -:  823:            {
    #####:  824:                discardCard(i, currentPlayer, state, 0);
    #####:  825:                break;
        -:  826:            }
    #####:  827:        }
        -:  828:
        -:  829:
    #####:  830:        return 0;
        -:  831:
        -:  832:    case smithy:
        -:  833:        //+3 Cards
    #####:  834:        for (i = 0; i < 3; i++)
branch  0 never executed
branch  1 never executed
        -:  835:        {
    #####:  836:            drawCard(currentPlayer, state);
    #####:  837:        }
        -:  838:
        -:  839:        //discard card from hand
    #####:  840:        discardCard(handPos, currentPlayer, state, 0);
    #####:  841:        return 0;
        -:  842:
        -:  843:    case village:
        -:  844:        //+1 Card
    #####:  845:        drawCard(currentPlayer, state);
        -:  846:
        -:  847:        //+2 Actions
    #####:  848:        state->numActions = state->numActions + 2;
        -:  849:
        -:  850:        //discard played card from hand
    #####:  851:        discardCard(handPos, currentPlayer, state, 0);
    #####:  852:        return 0;
        -:  853:
        -:  854:    case baron:
    #####:  855:        return playBaron(choice1, state);
        -:  856:            
        -:  857:    case great_hall:
        -:  858:        //+1 Card
    #####:  859:        drawCard(currentPlayer, state);
        -:  860:
        -:  861:        //+1 Actions
    #####:  862:        state->numActions++;
        -:  863:
        -:  864:        //discard card from hand
    #####:  865:        discardCard(handPos, currentPlayer, state, 0);
    #####:  866:        return 0;
        -:  867:
        -:  868:    case minion:
    #####:  869:        return playMinion(choice1, choice2, state, handPos);
        -:  870:            
        -:  871:    case steward:
    #####:  872:        if (choice1 == 1)
branch  0 never executed
branch  1 never executed
        -:  873:        {
        -:  874:            //+2 cards
    #####:  875:            drawCard(currentPlayer, state);
    #####:  876:            drawCard(currentPlayer, state);
    #####:  877:        }
    #####:  878:        else if (choice1 == 2)
branch  0 never executed
branch  1 never executed
        -:  879:        {
        -:  880:            //+2 coins
    #####:  881:            state->coins = state->coins + 2;
    #####:  882:        }
        -:  883:        else
        -:  884:        {
        -:  885:            //trash 2 cards in hand
    #####:  886:            discardCard(choice2, currentPlayer, state, 1);
    #####:  887:            discardCard(choice3, currentPlayer, state, 1);
        -:  888:        }
        -:  889:
        -:  890:        //discard card from hand
    #####:  891:        discardCard(handPos, currentPlayer, state, 0);
    #####:  892:        return 0;
        -:  893:
        -:  894:    case tribute:
    #####:  895:        return playTribute(state);
        -:  896:            
        -:  897:    case ambassador:
    #####:  898:        return playAmbassador(choice1, choice2, state, handPos);
        -:  899:            
        -:  900:    case cutpurse:
        -:  901:
    #####:  902:        updateCoins(currentPlayer, state, 2);
    #####:  903:        for (i = 0; i < state->numPlayers; i++)
branch  0 never executed
branch  1 never executed
        -:  904:        {
    #####:  905:            if (i != currentPlayer)
branch  0 never executed
branch  1 never executed
        -:  906:            {
    #####:  907:                for (j = 0; j < state->handCount[i]; j++)
branch  0 never executed
branch  1 never executed
        -:  908:                {
    #####:  909:                    if (state->hand[i][j] == copper)
branch  0 never executed
branch  1 never executed
        -:  910:                    {
    #####:  911:                        discardCard(j, i, state, 0);
    #####:  912:                        break;
        -:  913:                    }
    #####:  914:                    if (j == state->handCount[i])
branch  0 never executed
branch  1 never executed
        -:  915:                    {
    #####:  916:                        for (k = 0; k < state->handCount[i]; k++)
branch  0 never executed
branch  1 never executed
        -:  917:                        {
        -:  918:                            if (DEBUG)
        -:  919:                                printf("Player %d reveals card number %d\n", i, state->hand[i][k]);
    #####:  920:                        }
    #####:  921:                        break;
        -:  922:                    }
    #####:  923:                }
        -:  924:
    #####:  925:            }
        -:  926:
    #####:  927:        }
        -:  928:
        -:  929:        //discard played card from hand
    #####:  930:        discardCard(handPos, currentPlayer, state, 0);
        -:  931:
    #####:  932:        return 0;
        -:  933:
        -:  934:
        -:  935:    case embargo:
        -:  936:        //+2 Coins
    #####:  937:        state->coins = state->coins + 2;
        -:  938:
        -:  939:        //see if selected pile is in play
    #####:  940:        if ( state->supplyCount[choice1] == -1 )
branch  0 never executed
branch  1 never executed
        -:  941:        {
    #####:  942:            return -1;
        -:  943:        }
        -:  944:
        -:  945:        //add embargo token to selected supply pile
    #####:  946:        state->embargoTokens[choice1]++;
        -:  947:
        -:  948:        //trash card
    #####:  949:        discardCard(handPos, currentPlayer, state, 1);
    #####:  950:        return 0;
        -:  951:
        -:  952:    case outpost:
        -:  953:        //set outpost flag
    #####:  954:        state->outpostPlayed++;
        -:  955:
        -:  956:        //discard card
    #####:  957:        discardCard(handPos, currentPlayer, state, 0);
    #####:  958:        return 0;
        -:  959:
        -:  960:    case salvager:
        -:  961:        //+1 buy
    #####:  962:        state->numBuys++;
        -:  963:
    #####:  964:        if (choice1)
branch  0 never executed
branch  1 never executed
        -:  965:        {
        -:  966:            //gain coins equal to trashed card
    #####:  967:            state->coins = state->coins + getCost( handCard(choice1, state) );
        -:  968:            //trash card
    #####:  969:            discardCard(choice1, currentPlayer, state, 1);
    #####:  970:        }
        -:  971:
        -:  972:        //discard card
    #####:  973:        discardCard(handPos, currentPlayer, state, 0);
    #####:  974:        return 0;
        -:  975:
        -:  976:    case sea_hag:
    #####:  977:        for (i = 0; i < state->numPlayers; i++) {
branch  0 never executed
branch  1 never executed
    #####:  978:            if (i != currentPlayer) {
branch  0 never executed
branch  1 never executed
    #####:  979:                state->discard[i][state->discardCount[i]] = state->deck[i][state->deckCount[i]--];
    #####:  980:                state->deckCount[i]--;
    #####:  981:                state->discardCount[i]++;
    #####:  982:                state->deck[i][state->deckCount[i]--] = curse;//Top card now a curse
    #####:  983:            }
    #####:  984:        }
    #####:  985:        return 0;
        -:  986:
        -:  987:    case treasure_map:
        -:  988:        //search hand for another treasure_map
    #####:  989:        index = -1;
    #####:  990:        for (i = 0; i < state->handCount[currentPlayer]; i++)
branch  0 never executed
branch  1 never executed
        -:  991:        {
    #####:  992:            if (state->hand[currentPlayer][i] == treasure_map && i != handPos)
branch  0 never executed
branch  1 never executed
branch  2 never executed
branch  3 never executed
        -:  993:            {
    #####:  994:                index = i;
    #####:  995:                break;
        -:  996:            }
    #####:  997:        }
    #####:  998:        if (index > -1)
branch  0 never executed
branch  1 never executed
        -:  999:        {
        -: 1000:            //trash both treasure cards
    #####: 1001:            discardCard(handPos, currentPlayer, state, 1);
    #####: 1002:            discardCard(index, currentPlayer, state, 1);
        -: 1003:
        -: 1004:            //gain 4 Gold cards
    #####: 1005:            for (i = 0; i < 4; i++)
branch  0 never executed
branch  1 never executed
        -: 1006:            {
    #####: 1007:                gainCard(gold, state, 1, currentPlayer);
    #####: 1008:            }
        -: 1009:
        -: 1010:            //return success
    #####: 1011:            return 1;
        -: 1012:        }
        -: 1013:
        -: 1014:        //no second treasure_map found in hand
    #####: 1015:        return -1;
        -: 1016:    }
        -: 1017:
    #####: 1018:    return -1;
    #####: 1019:}
        -: 1020:
function discardCard called 1 returned 100% blocks executed 80%
        1: 1021:int discardCard(int handPos, int currentPlayer, struct gameState *state, int trashFlag)
        -: 1022:{
        -: 1023:
        -: 1024:    //if card is not trashed, added to Played pile
        1: 1025:    if (trashFlag < 1)
branch  0 taken 100%
branch  1 taken 0%
        -: 1026:    {
        -: 1027:        //add card to played pile
        1: 1028:        state->playedCards[state->playedCardCount] = state->hand[currentPlayer][handPos];
        1: 1029:        state->playedCardCount++;
        1: 1030:    }
        -: 1031:
        -: 1032:    //set played card to -1
        1: 1033:    state->hand[currentPlayer][handPos] = -1;
        -: 1034:
        -: 1035:    //remove card from player's hand
        1: 1036:    if ( handPos == (state->handCount[currentPlayer] - 1) ) 	//last card in hand array is played
branch  0 taken 0%
branch  1 taken 100%
        -: 1037:    {
        -: 1038:        //reduce number of cards in hand
    #####: 1039:        state->handCount[currentPlayer]--;
    #####: 1040:    }
        1: 1041:    else if ( state->handCount[currentPlayer] == 1 ) //only one card in hand
branch  0 taken 0%
branch  1 taken 100%
        -: 1042:    {
        -: 1043:        //reduce number of cards in hand
    #####: 1044:        state->handCount[currentPlayer]--;
    #####: 1045:    }
        -: 1046:    else
        -: 1047:    {
        -: 1048:        //replace discarded card with last card in hand
        1: 1049:        state->hand[currentPlayer][handPos] = state->hand[currentPlayer][ (state->handCount[currentPlayer] - 1)];
        -: 1050:        //set last card to -1
        1: 1051:        state->hand[currentPlayer][state->handCount[currentPlayer] - 1] = -1;
        -: 1052:        //reduce number of cards in hand
        1: 1053:        state->handCount[currentPlayer]--;
        -: 1054:    }
        -: 1055:
        1: 1056:    return 0;
        -: 1057:}
        -: 1058:
function gainCard called 1 returned 100% blocks executed 72%
        1: 1059:int gainCard(int supplyPos, struct gameState *state, int toFlag, int player)
        -: 1060:{
        -: 1061:    //Note: supplyPos is enum of choosen card
        -: 1062:
        -: 1063:    //check if supply pile is empty (0) or card is not used in game (-1)
        1: 1064:    if ( supplyCount(supplyPos, state) < 1 )
branch  0 taken 0%
branch  1 taken 100%
        -: 1065:    {
    #####: 1066:        return -1;
        -: 1067:    }
        -: 1068:
        -: 1069:    //added card for [whoseTurn] current player:
        -: 1070:    // toFlag = 0 : add to discard
        -: 1071:    // toFlag = 1 : add to deck
        -: 1072:    // toFlag = 2 : add to hand
        -: 1073:
        1: 1074:    if (toFlag == 1)
branch  0 taken 0%
branch  1 taken 100%
        -: 1075:    {
    #####: 1076:        state->deck[ player ][ state->deckCount[player] ] = supplyPos;
    #####: 1077:        state->deckCount[player]++;
    #####: 1078:    }
        1: 1079:    else if (toFlag == 2)
branch  0 taken 0%
branch  1 taken 100%
        -: 1080:    {
    #####: 1081:        state->hand[ player ][ state->handCount[player] ] = supplyPos;
    #####: 1082:        state->handCount[player]++;
    #####: 1083:    }
        -: 1084:    else
        -: 1085:    {
        1: 1086:        state->discard[player][ state->discardCount[player] ] = supplyPos;
        1: 1087:        state->discardCount[player]++;
        -: 1088:    }
        -: 1089:
        -: 1090:    //decrease number in supply pile
        1: 1091:    state->supplyCount[supplyPos]--;
        -: 1092:
        1: 1093:    return 0;
        1: 1094:}
        -: 1095:
function updateCoins called 1 returned 100% blocks executed 85%
        1: 1096:int updateCoins(int player, struct gameState *state, int bonus)
        -: 1097:{
        -: 1098:    int i;
        -: 1099:
        -: 1100:    //reset coin count
        1: 1101:    state->coins = 0;
        -: 1102:
        -: 1103:    //add coins for each Treasure card in player's hand
        6: 1104:    for (i = 0; i < state->handCount[player]; i++)
branch  0 taken 83%
branch  1 taken 17%
        -: 1105:    {
        5: 1106:        if (state->hand[player][i] == copper)
branch  0 taken 80%
branch  1 taken 20%
        -: 1107:        {
        4: 1108:            state->coins += 1;
        4: 1109:        }
        1: 1110:        else if (state->hand[player][i] == silver)
branch  0 taken 0%
branch  1 taken 100%
        -: 1111:        {
    #####: 1112:            state->coins += 2;
    #####: 1113:        }
        1: 1114:        else if (state->hand[player][i] == gold)
branch  0 taken 0%
branch  1 taken 100%
        -: 1115:        {
    #####: 1116:            state->coins += 3;
    #####: 1117:        }
        5: 1118:    }
        -: 1119:
        -: 1120:    //add bonus
        1: 1121:    state->coins += bonus;
        -: 1122:
        1: 1123:    return 0;
        -: 1124:}
        -: 1125:
function playAmbassador called 3 returned 100% blocks executed 80%
        3: 1126:int playAmbassador(int choice1, int choice2, struct gameState *state, int handPos)
        -: 1127:{
        3: 1128:    if (!validateAmbassadorChoices(choice1, choice2, state, handPos))
branch  0 taken 67%
branch  1 taken 33%
        -: 1129:    {
        2: 1130:        return -1;
        -: 1131:    }
        -: 1132:    
        -: 1133:    int i, j;
        1: 1134:    int currentPlayer = whoseTurn(state);
        -: 1135:
        -: 1136:    if (DEBUG)
        -: 1137:    {
        -: 1138:        printf("Player %d reveals card number: %d\n", currentPlayer, state->hand[currentPlayer][choice1]);
        -: 1139:    }
        -: 1140:    
        -: 1141:    //increase supply count for choosen card by amount being discarded
        1: 1142:    state->supplyCount[state->hand[currentPlayer][choice1]] += choice2;
        -: 1143:
        -: 1144:    //each other player gains a copy of revealed card
        3: 1145:    for (i = 1; i < state->numPlayers; i++) // This is a bug because i should be initialized to 0 at the start of the FOR loop. Introduced in Assignment 2
branch  0 taken 67%
branch  1 taken 33%
        -: 1146:    {
        2: 1147:        if (i != currentPlayer)
branch  0 taken 50%
branch  1 taken 50%
        -: 1148:        {
        1: 1149:            gainCard(state->hand[currentPlayer][choice1], state, 0, i);
        1: 1150:        }
        2: 1151:    }
        -: 1152:
        -: 1153:    //discard played card from hand
        1: 1154:    discardCard(handPos, currentPlayer, state, 0);
        -: 1155:
        -: 1156:    //trash copies of cards returned to supply
        2: 1157:    for (j = 0; j < choice2; j++)
branch  0 taken 50%
branch  1 taken 50%
        -: 1158:    {
        1: 1159:        for (i = 0; i < state->handCount[currentPlayer]; i++)
branch  0 taken 0%
branch  1 taken 100%
        -: 1160:        {
    #####: 1161:            if (state->hand[currentPlayer][i] == state->hand[currentPlayer][choice1])
branch  0 never executed
branch  1 never executed
        -: 1162:            {
    #####: 1163:                discardCard(i, currentPlayer, state, 0); // This is a bug because the card isn't being trashed, only discarded. The trashFlag variable should be set to 1, not 0. Introduced in Assignment 2
    #####: 1164:                break;
        -: 1165:            }
    #####: 1166:        }
        1: 1167:    }
        -: 1168:
        1: 1169:    return 0;
        3: 1170:}
        -: 1171:
function playMine called 0 returned 0% blocks executed 0%
    #####: 1172:int playMine(int choice1, int choice2, struct gameState *state, int handPos)
        -: 1173:{
    #####: 1174:    if (!validateMineChoices(choice1, choice2, state))
branch  0 never executed
branch  1 never executed
        -: 1175:    {
    #####: 1176:        return -1;
        -: 1177:    }
        -: 1178:    
    #####: 1179:    int currentPlayer = whoseTurn(state);
    #####: 1180:    int j = state->hand[currentPlayer][choice1];  //store card we will trash
        -: 1181:    
    #####: 1182:    gainCard(choice2, state, 2, currentPlayer);
        -: 1183:
        -: 1184:    //discard card from hand
    #####: 1185:    discardCard(handPos, currentPlayer, state, 0);
        -: 1186:
        -: 1187:    //discard trashed card
        -: 1188:    int i;
    #####: 1189:    for (i = 0; i < state->handCount[currentPlayer]; i++)
branch  0 never executed
branch  1 never executed
        -: 1190:    {
    #####: 1191:        if (state->hand[currentPlayer][j] == j)  // This is a bug because it should be using state->hand[currentPlayer][i] (use i, not j). Introduced for Assignment 2.
branch  0 never executed
branch  1 never executed
        -: 1192:        {
    #####: 1193:            discardCard(i, currentPlayer, state, 0);
    #####: 1194:            break;
        -: 1195:        }
    #####: 1196:    }
        -: 1197:
    #####: 1198:    return 0;
        -: 1199:
    #####: 1200:}
        -: 1201:
function playMinion called 0 returned 0% blocks executed 0%
    #####: 1202:int playMinion(int choice1, int choice2, struct gameState *state, int handPos)
        -: 1203:{
        -: 1204:    int i;
    #####: 1205:    int currentPlayer = whoseTurn(state) + 1;
        -: 1206:    
        -: 1207:    //+1 action
    #####: 1208:    state->numActions++;
        -: 1209:
        -: 1210:    //discard card from hand
    #####: 1211:    discardCard(handPos, currentPlayer, state, 0);
        -: 1212:
    #####: 1213:    if (choice1)
branch  0 never executed
branch  1 never executed
        -: 1214:    {
    #####: 1215:        state->coins = state->coins + 2;
    #####: 1216:    }
    #####: 1217:    else if (choice2)        //discard hand, redraw 4, other players with 5+ cards discard hand and draw 4
branch  0 never executed
branch  1 never executed
        -: 1218:    {
    #####: 1219:        discardHandAndRedraw(state, handPos, 4, currentPlayer);
        -: 1220:
        -: 1221:        //other players discard hand and redraw if hand size > 4
    #####: 1222:        for (i = 0; i < state->numPlayers; i++)
branch  0 never executed
branch  1 never executed
        -: 1223:        {
    #####: 1224:            if (state->handCount[i] >= 4) // This is a bug because it should be "> 4" not ">= 4". Introduced for Assignment 2. This is also a bug because it doesn't check which player we're discarding and redrawing for. This will mean that once the loop reaches the current player, that player will incorrectly discard their hand (we know for certain they will have exactly four cards because they just redrew them a few lines above) and redraw four cards.
branch  0 never executed
branch  1 never executed
        -: 1225:            {
    #####: 1226:                discardHandAndRedraw(state, handPos, 4, i);
    #####: 1227:            }
    #####: 1228:        }
    #####: 1229:    }
        -: 1230:    
    #####: 1231:    return 0;
        -: 1232:}
        -: 1233:
function playTribute called 0 returned 0% blocks executed 0%
    #####: 1234:int playTribute(struct gameState *state)
        -: 1235:{
    #####: 1236:    int currentPlayer = whoseTurn(state);
    #####: 1237:    int tributeRevealedCards[2] = {-1, 1}; // This is a bug because tributeRevealedCards[1] should be initialized to -1 but instead is being initialized to 1. Introduced for Assignment 2.
        -: 1238:    
    #####: 1239:    setTributeRevealedCards(state, tributeRevealedCards);
        -: 1240:
    #####: 1241:    if (tributeRevealedCards[0] == tributeRevealedCards[1])
branch  0 never executed
branch  1 never executed
        -: 1242:    {
        -: 1243:        //If we have a duplicate card, just drop one
    #####: 1244:        state->playedCards[state->playedCardCount] = tributeRevealedCards[1];
    #####: 1245:        state->playedCardCount++;
    #####: 1246:        tributeRevealedCards[1] = -1;
    #####: 1247:    }
        -: 1248:
        -: 1249:    int i;
    #####: 1250:    for (i = 0; i <= 2; i ++)  // This looks like a bug. The tributeRevealedCards array only has two elements but this loop will try to access a third element when i=2
branch  0 never executed
branch  1 never executed
        -: 1251:    {
    #####: 1252:        if (isTreasureCard(tributeRevealedCards[i]))
branch  0 never executed
branch  1 never executed
        -: 1253:        {
    #####: 1254:            state->coins += 2;
    #####: 1255:        }
    #####: 1256:        else if (isVictoryCard(tributeRevealedCards[i]))
branch  0 never executed
branch  1 never executed
        -: 1257:        {
    #####: 1258:            drawCard(currentPlayer, state);
    #####: 1259:            drawCard(currentPlayer, state);
    #####: 1260:        }
        -: 1261:        else //Action Card
        -: 1262:        {
    #####: 1263:            state->numActions = state->numActions + 2;
        -: 1264:        }
    #####: 1265:    }
        -: 1266:
    #####: 1267:    return 0;
        -: 1268:}
        -: 1269:
function playBaron called 0 returned 0% blocks executed 0%
    #####: 1270:int playBaron(int choice1, struct gameState *state)
        -: 1271:{
    #####: 1272:    int currentPlayer = whoseTurn(state);
        -: 1273:    
    #####: 1274:    state->numBuys++;//Increase buys by 1!
    #####: 1275:    if (choice1 > 0)
branch  0 never executed
branch  1 never executed
        -: 1276:    {
        -: 1277:        //Boolean true or going to discard an estate
    #####: 1278:        int p = 0;                  //Iterator for hand!
    #####: 1279:        int card_not_discarded = 1; //Flag for discard set!
        -: 1280:        
    #####: 1281:        while(card_not_discarded)
branch  0 never executed
branch  1 never executed
        -: 1282:        {
    #####: 1283:            if (state->hand[currentPlayer][p] == estate)
branch  0 never executed
branch  1 never executed
        -: 1284:            {
    #####: 1285:                discardEstateForBaron(state, p);
    #####: 1286:                card_not_discarded = 0;//Exit the loop
    #####: 1287:            }
    #####: 1288:            else if (p > state->handCount[currentPlayer])
branch  0 never executed
branch  1 never executed
        -: 1289:            {
        -: 1290:                if(DEBUG)
        -: 1291:                {
        -: 1292:                    printf("No estate cards in your hand, invalid choice\n");
        -: 1293:                    printf("Must gain an estate if there are any\n");
        -: 1294:                }
        -: 1295:                
    #####: 1296:                gainEstateForBaron(state);
    #####: 1297:                card_not_discarded = 0;//Exit the loop
    #####: 1298:            }
        -: 1299:            else
        -: 1300:            {
    #####: 1301:                p++;//Next card
        -: 1302:            }
        -: 1303:        }
    #####: 1304:    }
        -: 1305:    else
        -: 1306:    {
    #####: 1307:        gainEstateForBaron(state);
        -: 1308:    }
        -: 1309:
    #####: 1310:    return 0;
        -: 1311:
        -: 1312:}
        -: 1313:
function validateAmbassadorChoices called 3 returned 100% blocks executed 55%
        3: 1314:int validateAmbassadorChoices(int choice1, int choice2, struct gameState *state, int handPos)
        -: 1315:{
        3: 1316:    int currentPlayer = whoseTurn(state);
        -: 1317:    
        3: 1318:    int j = 0;        //used to check if player has enough cards to discard
        -: 1319:    
        3: 1320:    if (choice2 > 2 || choice2 < 0)
branch  0 taken 100%
branch  1 taken 0%
branch  2 taken 67%
branch  3 taken 33%
        -: 1321:    {
        2: 1322:        return 0;
        -: 1323:    }
        -: 1324:
        1: 1325:    if (choice1 == handPos)
branch  0 taken 0%
branch  1 taken 100%
        -: 1326:    {
    #####: 1327:        return 0;
        -: 1328:    }
        -: 1329:
        -: 1330:    int i;
        1: 1331:    for (i = 0; i < state->handCount[currentPlayer]; i++)
branch  0 taken 0%
branch  1 taken 100%
        -: 1332:    {
    #####: 1333:        if (i != handPos && state->hand[currentPlayer][i] == state->hand[currentPlayer][choice1] && i != choice1)
branch  0 never executed
branch  1 never executed
branch  2 never executed
branch  3 never executed
branch  4 never executed
branch  5 never executed
        -: 1334:        {
    #####: 1335:            j++;
    #####: 1336:        }
    #####: 1337:    }
        1: 1338:    if (j > choice2)
branch  0 taken 0%
branch  1 taken 100%
        -: 1339:    {
    #####: 1340:        return 0;
        -: 1341:    }
        -: 1342:    
        1: 1343:    return 1;
        3: 1344:}
        -: 1345:
function validateMineChoices called 0 returned 0% blocks executed 0%
    #####: 1346:int validateMineChoices(int choice1, int choice2, struct gameState *state)
        -: 1347:{
    #####: 1348:    int currentPlayer = whoseTurn(state);
        -: 1349:    
    #####: 1350:    if (state->hand[currentPlayer][choice1] < copper || state->hand[currentPlayer][choice1] > silver) // This is a bug. The second condition should be checking "> gold" not "> silver". Introduced in Assignment 2.
branch  0 never executed
branch  1 never executed
branch  2 never executed
branch  3 never executed
        -: 1351:    {
    #####: 1352:        return 0;
        -: 1353:    }
        -: 1354:
    #####: 1355:    if (choice2 > treasure_map || choice2 < curse)
branch  0 never executed
branch  1 never executed
branch  2 never executed
branch  3 never executed
        -: 1356:    {
    #####: 1357:        return 0;
        -: 1358:    }
        -: 1359:
    #####: 1360:    if ( (getCost(state->hand[currentPlayer][choice1]) + 3) > getCost(choice2) )
branch  0 never executed
branch  1 never executed
        -: 1361:    {
    #####: 1362:        return 0;
        -: 1363:    }
        -: 1364:    
    #####: 1365:    return 1;
    #####: 1366:}
        -: 1367:
function discardHandAndRedraw called 0 returned 0% blocks executed 0%
    #####: 1368:void discardHandAndRedraw(struct gameState *state, int handPos, int numCardsToRedraw, int player)
        -: 1369:{
        -: 1370:    int j;
        -: 1371:    
        -: 1372:    //discard hand
    #####: 1373:    while(state->handCount[player] > 0)
branch  0 never executed
branch  1 never executed
        -: 1374:    {
    #####: 1375:        discardCard(handPos, player, state, 0);
        -: 1376:    }
        -: 1377:
    #####: 1378:    for (j = 0; j < numCardsToRedraw; j++)
branch  0 never executed
branch  1 never executed
        -: 1379:    {
    #####: 1380:        drawCard(player, state);
    #####: 1381:    }
    #####: 1382:}
        -: 1383:
function isTreasureCard called 0 returned 0% blocks executed 0%
    #####: 1384:int isTreasureCard(int card)
        -: 1385:{
    #####: 1386:    return (card == copper || card == silver || card == gold);
branch  0 never executed
branch  1 never executed
branch  2 never executed
branch  3 never executed
        -: 1387:}
        -: 1388:
function isVictoryCard called 0 returned 0% blocks executed 0%
    #####: 1389:int isVictoryCard(int card)
        -: 1390:{
    #####: 1391:    return (card == estate || card == duchy || card == province || card == gardens);  // This is a bug because great_hall should also return TRUE but it has been left out. Introduced for Assignment 2.
branch  0 never executed
branch  1 never executed
branch  2 never executed
branch  3 never executed
branch  4 never executed
branch  5 never executed
        -: 1392:}
        -: 1393:
function setTributeRevealedCards called 0 returned 0% blocks executed 0%
    #####: 1394:void setTributeRevealedCards(struct gameState *state, int *tributeRevealedCards)
        -: 1395:{
    #####: 1396:    int nextPlayer = whoseTurn(state) + 1;
        -: 1397:    
    #####: 1398:    if ((state->discardCount[nextPlayer] + state->deckCount[nextPlayer]) <= 1)
branch  0 never executed
branch  1 never executed
        -: 1399:    {
    #####: 1400:        if (state->deckCount[nextPlayer] > 0)
branch  0 never executed
branch  1 never executed
        -: 1401:        {
    #####: 1402:            tributeRevealedCards[0] = state->deck[nextPlayer][state->deckCount[nextPlayer]-1];
    #####: 1403:            state->deckCount[nextPlayer]--;
    #####: 1404:        }
    #####: 1405:        else if (state->discardCount[nextPlayer] > 0)
branch  0 never executed
branch  1 never executed
        -: 1406:        {
    #####: 1407:            tributeRevealedCards[0] = state->discard[nextPlayer][state->discardCount[nextPlayer]-1];
    #####: 1408:            state->discardCount[nextPlayer]--;
    #####: 1409:        }
        -: 1410:        else
        -: 1411:        {
        -: 1412:            //No Card to Reveal
        -: 1413:            if (DEBUG)
        -: 1414:            {
        -: 1415:                printf("No cards to reveal\n");
        -: 1416:            }
        -: 1417:        }
    #####: 1418:    }
        -: 1419:    else
        -: 1420:    {
    #####: 1421:        if (state->deckCount[nextPlayer] == 0)
branch  0 never executed
branch  1 never executed
        -: 1422:        {
        -: 1423:            int i;
    #####: 1424:            for (i = 0; i < state->discardCount[nextPlayer]; i++)
branch  0 never executed
branch  1 never executed
        -: 1425:            {
    #####: 1426:                state->deck[nextPlayer][i] = state->discard[nextPlayer][i];//Move to deck
    #####: 1427:                state->deckCount[nextPlayer]++;
    #####: 1428:                state->discard[nextPlayer][i] = -1;
    #####: 1429:                state->discardCount[nextPlayer]--;
    #####: 1430:            }
        -: 1431:
    #####: 1432:            shuffle(nextPlayer,state);//Shuffle the deck
    #####: 1433:        }
        -: 1434:        
    #####: 1435:        tributeRevealedCards[0] = state->deck[nextPlayer][state->deckCount[nextPlayer]-1];
        -: 1436:        
    #####: 1437:        state->deck[nextPlayer][state->deckCount[nextPlayer]--] = -1;
    #####: 1438:        state->deckCount[nextPlayer]--;
        -: 1439:        
    #####: 1440:        tributeRevealedCards[1] = state->deck[nextPlayer][state->deckCount[nextPlayer]-1];
        -: 1441:        
    #####: 1442:        state->deck[nextPlayer][state->deckCount[nextPlayer]--] = -1;
    #####: 1443:        state->deckCount[nextPlayer]--;
        -: 1444:    }
    #####: 1445:}
        -: 1446:
function discardEstateForBaron called 0 returned 0% blocks executed 0%
    #####: 1447:void discardEstateForBaron(struct gameState *state, int cardPos)
        -: 1448:{
    #####: 1449:    int currentPlayer = whoseTurn(state);
        -: 1450:    
        -: 1451:    //Found an estate card!
    #####: 1452:    state->coins += 4;//Add 4 coins to the amount of coins
    #####: 1453:    state->discard[currentPlayer][state->discardCount[currentPlayer]] = state->hand[currentPlayer][cardPos];
    #####: 1454:    state->discardCount[currentPlayer]++;
        -: 1455:    
        -: 1456:    int p;
    #####: 1457:    for (; p < state->handCount[currentPlayer]; p++)  // This is a bug as a result of the refactoring. p should be equal to cardPos at the start of the FOR loop but instead it starts out uninitialized so the actual behavior will be undefined. Introduced for Assignment 2.
branch  0 never executed
branch  1 never executed
        -: 1458:    {
    #####: 1459:        state->hand[currentPlayer][p] = state->hand[currentPlayer][p+1];
    #####: 1460:    }
        -: 1461:    
    #####: 1462:    state->hand[currentPlayer][state->handCount[currentPlayer]] = -1;
    #####: 1463:    state->handCount[currentPlayer]--;
    #####: 1464:}
        -: 1465:
function gainEstateForBaron called 0 returned 0% blocks executed 0%
    #####: 1466:void gainEstateForBaron(struct gameState *state)
        -: 1467:{
    #####: 1468:    int currentPlayer = whoseTurn(state);
        -: 1469:    
    #####: 1470:    if (supplyCount(estate, state) > 0)
branch  0 never executed
branch  1 never executed
        -: 1471:    {
    #####: 1472:        gainCard(estate, state, 0, currentPlayer);
        -: 1473:
    #####: 1474:        state->supplyCount[estate]--;  //Decrement estates
        -: 1475:        
    #####: 1476:        if (supplyCount(estate, state) == -1) // This is a bug because the function won't properly check if the game is over if the number of Estate cards goes to zero as a result of this player's turn. Introduced for Assignment 2.
branch  0 never executed
branch  1 never executed
        -: 1477:        {
    #####: 1478:            isGameOver(state);
    #####: 1479:        }
    #####: 1480:    }
    #####: 1481:}
        -: 1482:
        -: 1483:
        -: 1484://end of dominion.c
        -: 1485:
